<?xml version="1.0" encoding="UTF-8"?>
<!-- Generated by org.testng.reporters.JUnitReportReporter -->
<testsuite skipped="0" hostname="Anusha-PC" name="Maven.test3Test" tests="2" failures="0" timestamp="15 Mar 2018 19:43:57 GMT" time="0.001" errors="0">
  <testcase name="m5" time="0.001" classname="Maven.test3Test"/>
  <testcase name="m6" time="0.000" classname="Maven.test3Test"/>
</testsuite> <!-- Maven.test3Test -->
