<?xml version="1.0" encoding="UTF-8"?>
<!-- Generated by org.testng.reporters.JUnitReportReporter -->
<testsuite skipped="0" hostname="Anusha-PC" name="Maven.test1Test" tests="2" failures="0" timestamp="15 Mar 2018 19:43:57 GMT" time="0.010" errors="0">
  <testcase name="m11" time="0.000" classname="Maven.test1Test"/>
  <testcase name="m1" time="0.010" classname="Maven.test1Test"/>
</testsuite> <!-- Maven.test1Test -->
