<?xml version="1.0" encoding="UTF-8"?>
<!-- Generated by org.testng.reporters.JUnitReportReporter -->
<testsuite skipped="0" hostname="Anusha-PC" name="Maven.test2Test" tests="2" failures="0" timestamp="15 Mar 2018 19:43:57 GMT" time="0.001" errors="0">
  <testcase name="m4" time="0.001" classname="Maven.test2Test"/>
  <testcase name="m3" time="0.000" classname="Maven.test2Test"/>
</testsuite> <!-- Maven.test2Test -->
